<?xml version="1.0" encoding="utf-8"?><testsuites name="pytest tests"><testsuite name="pytest" errors="0" failures="5" skipped="0" tests="501" time="57.899" timestamp="2026-07-23T16:55:05.017030+03:00" hostname="IGGY"><testcase classname="tests.e2e.test_platform_1_0" name="test_branding" time="0.002" /><testcase classname="tests.e2e.test_platform_1_0" name="test_desktop_app" time="0.002" /><testcase classname="tests.e2e.test_platform_1_0" name="test_aether_runtime" time="0.002" /><testcase classname="tests.e2e.test_platform_1_0" name="test_titan_integration" time="0.001" /><testcase classname="tests.e2e.test_platform_1_0" name="test_hardware_platform" time="0.005" /><testcase classname="tests.e2e.test_platform_1_0" name="test_digital_twin" time="0.001" /><testcase classname="tests.e2e.test_platform_1_0" name="test_simulation_engine" time="0.001" /><testcase classname="tests.e2e.test_platform_1_0" name="test_plugin_marketplace" time="0.001" /><testcase classname="tests.e2e.test_platform_1_0" name="test_enterprise_collaboration" time="0.001" /><testcase classname="tests.e2e.test_platform_1_0" name="test_autonomous_workflows" time="0.010" /><testcase classname="tests.e2e.test_platform_1_0" name="test_backup_dr" time="0.005" /><testcase classname="tests.e2e.test_platform_1_0" name="test_e2e_workflow_success" time="0.022" /><testcase classname="tests.test_adb_capability.TestAdbPermissions" name="test_default_deny" time="0.001" /><testcase classname="tests.test_adb_capability.TestAdbPermissions" name="test_explicit_allow_by_serial" time="0.001" /><testcase classname="tests.test_adb_capability.TestAdbPermissions" name="test_deny_overrides_allow" time="0.001" /><testcase classname="tests.test_adb_capability.TestAdbPermissions" name="test_capability_scoped_allow" time="0.001" /><testcase classname="tests.test_adb_capability.TestAdbHardwareApi" name="test_enumerate_returns_devices" time="0.015" /><testcase classname="tests.test_adb_capability.TestAdbHardwareApi" name="test_device_model_to_dict" time="0.012" /><testcase classname="tests.test_adb_capability.TestAdbHardwareApi" name="test_shell_requires_permission" time="0.012" /><testcase classname="tests.test_adb_capability.TestAdbHardwareApi" name="test_reboot_recovery_uses_recovery_capability" time="0.012" /><testcase classname="tests.test_adb_capability.TestAdbHardwareApi" name="test_hotplug_detects_connect" time="0.013" /><testcase classname="tests.test_adb_capability.TestAdbSdk" name="test_sdk_enumerate" time="0.012" /><testcase classname="tests.test_adb_capability.TestAdbSdk" name="test_sdk_access_respects_policy" time="0.012" /><testcase classname="tests.test_adb_capability.TestAdbAutomation" name="test_enumerate_action" time="0.013" /><testcase classname="tests.test_adb_capability.TestAdbAutomation" name="test_shell_action" time="0.001" /><testcase classname="tests.test_adb_capability.TestAdbAutomation" name="test_unknown_action" time="0.001" /><testcase classname="tests.test_adb_capability.TestAdbAssistantTools" name="test_enumerate_tool" time="0.001" /><testcase classname="tests.test_adb_capability.TestAdbAssistantTools" name="test_shell_tool_unknown_device" time="0.001" /><testcase classname="tests.test_adb_capability.TestAdbAssistantTools" name="test_unknown_tool" time="0.001" /><testcase classname="tests.test_adb_capability.TestAdbAssistantTools" name="test_all_tools_have_executors" time="0.001" /><testcase classname="tests.test_aether_runtime" name="test_router_prefers_cheap_within_budget" time="0.002" /><testcase classname="tests.test_aether_runtime" name="test_router_falls_back_when_over_budget" time="0.002" /><testcase classname="tests.test_aether_runtime" name="test_router_fallback_chain_excludes_preferred" time="0.002" /><testcase classname="tests.test_aether_runtime" name="test_tool_dispatch_isolated_on_failure" time="0.003" /><testcase classname="tests.test_aether_runtime" name="test_runtime_persists_context_and_tool_calls" time="0.299" /><testcase classname="tests.test_aether_runtime" name="test_runtime_select_provider_shape" time="0.002" /><testcase classname="tests.test_agent_manager.TestAgentManager" name="test_is_agent_api" time="0.001" /><testcase classname="tests.test_agent_manager.TestAgentManager" name="test_register_and_list" time="0.001" /><testcase classname="tests.test_agent_manager.TestAgentManager" name="test_dispatch" time="0.001" /><testcase classname="tests.test_agent_manager.TestAgentManager" name="test_dispatch_missing_agent_raises" time="0.001" /><testcase classname="tests.test_agent_manager.TestAgentManager" name="test_dispatch_publishes_event" time="0.002" /><testcase classname="tests.test_agents" name="test_agent_coordinator_create_task" time="0.001" /><testcase classname="tests.test_agents" name="test_agent_coordinator_coordinate" time="0.002" /><testcase classname="tests.test_agents" name="test_task_planner_topological_sort" time="0.002" /><testcase classname="tests.test_agents" name="test_task_planner_validate" time="0.002" /><testcase classname="tests.test_agents" name="test_consensus_engine_propose_and_vote" time="0.001" /><testcase classname="tests.test_agents" name="test_consensus_engine_tally" time="0.001" /><testcase classname="tests.test_agents" name="test_delegation_router_route" time="0.001" /><testcase classname="tests.test_agents" name="test_delegation_router_can_delegate" time="0.001" /><testcase classname="tests.test_ai_capabilities" name="test_ai_capabilities_registered" time="0.011" /><testcase classname="tests.test_ai_capabilities" name="test_embed_executes" time="0.006" /><testcase classname="tests.test_ai_capabilities" name="test_embed_batch_executes" time="0.005" /><testcase classname="tests.test_ai_capabilities" name="test_memory_consolidate_executes" time="0.007" /><testcase classname="tests.test_ai_capabilities" name="test_memory_promote_executes" time="0.006" /><testcase classname="tests.test_ai_capabilities" name="test_vision_ocr_executes" time="0.006" /><testcase classname="tests.test_ai_capabilities" name="test_vision_detect_objects_executes" time="0.005" /><testcase classname="tests.test_ai_capabilities" name="test_speech_transcribe_executes" time="0.006" /><testcase classname="tests.test_ai_capabilities" name="test_speech_synthesize_executes" time="0.003" /><testcase classname="tests.test_ai_capabilities" name="test_embed_denied_without_permission" time="0.004" /><testcase classname="tests.test_ai_capabilities" name="test_vision_denied_without_permission" time="0.011" /><testcase classname="tests.test_assistant_endpoint" name="test_assistant_no_lm_returns_message" time="0.003" /><testcase classname="tests.test_assistant_endpoint" name="test_assistant_llm_configured_calls_chat" time="0.102" /><testcase classname="tests.test_assistant_endpoint" name="test_assistant_requires_prompt" time="0.001" /><testcase classname="tests.test_bootstrap.TestBootstrap" name="test_boot_returns_container" time="0.274" /><testcase classname="tests.test_bootstrap.TestBootstrap" name="test_boot_registers_services" time="0.044" /><testcase classname="tests.test_bootstrap.TestBootstrap" name="test_boot_loads_plugins" time="0.044" /><testcase classname="tests.test_bootstrap.TestBootstrap" name="test_boot_loads_agents" time="0.045" /><testcase classname="tests.test_capability_integration" name="test_default_hardware_capabilities_registered" time="0.043" /><testcase classname="tests.test_capability_integration" name="test_full_hardware_workflow" time="0.053" /><testcase classname="tests.test_capability_integration" name="test_flash_denied_without_ownership" time="0.045" /><testcase classname="tests.test_capability_manager" name="test_capability_manager_implements_contract" time="0.001" /><testcase classname="tests.test_capability_manager" name="test_register_discover_and_exists" time="0.002" /><testcase classname="tests.test_capability_manager" name="test_authorize_and_execute_success" time="0.002" /><testcase classname="tests.test_capability_manager" name="test_execute_denied_when_missing_permissions" time="0.001" /><testcase classname="tests.test_capability_manager" name="test_duplicate_registration_raises" time="0.001" /><testcase classname="tests.test_cloud_platform" name="test_rbac_allows_granted_action" time="0.459" /><testcase classname="tests.test_cloud_platform" name="test_tenant_boundary_blocks_cross_tenant" time="0.534" /><testcase classname="tests.test_cloud_platform" name="test_inactive_user_denied" time="0.479" /><testcase classname="tests.test_cloud_platform" name="test_billing_invoice_and_discrepancy" time="0.593" /><testcase classname="tests.test_cloud_platform" name="test_tenant_isolation_in_billing" time="0.319" /><testcase classname="tests.test_commands_endpoint" name="test_commands_help" time="0.003" /><testcase classname="tests.test_commands_endpoint" name="test_commands_status" time="0.005" /><testcase classname="tests.test_commands_endpoint" name="test_commands_connect" time="0.003" /><testcase classname="tests.test_commands_endpoint" name="test_commands_list_agents" time="0.003" /><testcase classname="tests.test_commands_endpoint" name="test_commands_show_kernel" time="0.003" /><testcase classname="tests.test_commands_endpoint" name="test_commands_requires_command" time="0.001" /><testcase classname="tests.test_container.TestServiceContainer" name="test_register_and_get" time="0.001" /><testcase classname="tests.test_container.TestServiceContainer" name="test_get_missing_raises" time="0.001" /><testcase classname="tests.test_container.TestServiceContainer" name="test_list_services" time="0.002" /><testcase classname="tests.test_container.TestServiceContainer" name="test_overwrite_service" time="0.002" /><testcase classname="tests.test_container.TestServiceContainer" name="test_resolve_type" time="0.001" /><testcase classname="tests.test_container.TestServiceContainer" name="test_resolve_wrong_type_raises" time="0.002" /><testcase classname="tests.test_contract_versioning" name="test_contract_compatibility_same_major_allows_newer_runtime" time="0.001" /><testcase classname="tests.test_contract_versioning" name="test_contract_compatibility_rejects_major_mismatch" time="0.001" /><testcase classname="tests.test_contract_versioning" name="test_contract_compatibility_rejects_newer_required_minor_patch" time="0.001" /><testcase classname="tests.test_contract_versioning" name="test_validate_contract_compatibility_raises_on_mismatch" time="0.001" /><testcase classname="tests.test_dashboard" name="test_dashboard_hub_overview" time="0.002" /><testcase classname="tests.test_dashboard" name="test_dashboard_hub_list_sections" time="0.002" /><testcase classname="tests.test_dashboard" name="test_device_dashboard" time="0.001" /><testcase classname="tests.test_dashboard" name="test_knowledge_dashboard" time="0.001" /><testcase classname="tests.test_dashboard" name="test_simulation_dashboard" time="0.001" /><testcase classname="tests.test_dashboard" name="test_metrics_dashboard" time="0.001" /><testcase classname="tests.test_dashboard" name="test_logs_dashboard" time="0.001" /><testcase classname="tests.test_database_corruption_recovery" name="test_init_db_recovers_from_corruption" time="0.493" /><testcase classname="tests.test_database_corruption_recovery" name="test_corrupted_db_recovers_through_running_server" time="2.095" /><testcase classname="tests.test_delta_service" name="test_delta_service_workspace_and_scenario" time="0.003" /><testcase classname="tests.test_delta_service" name="test_delta_service_time_forecast" time="0.002" /><testcase classname="tests.test_demo_db_isolation" name="test_demo_with_custom_db_does_not_touch_default" time="0.120" /><testcase classname="tests.test_device_registry.TestDeviceRegistry" name="test_is_device_api" time="0.001" /><testcase classname="tests.test_device_registry.TestDeviceRegistry" name="test_register_and_get" time="0.002" /><testcase classname="tests.test_device_registry.TestDeviceRegistry" name="test_unregister" time="0.002" /><testcase classname="tests.test_device_registry.TestDeviceRegistry" name="test_unregister_missing_is_safe" time="0.001" /><testcase classname="tests.test_device_registry.TestDeviceRegistry" name="test_list" time="0.002" /><testcase classname="tests.test_device_registry.TestDeviceRegistry" name="test_register_unregister_publish_events" time="0.003" /><testcase classname="tests.test_distributed" name="test_node_registry_register_and_list" time="0.002" /><testcase classname="tests.test_distributed" name="test_node_registry_find_by_capability" time="0.003" /><testcase classname="tests.test_distributed" name="test_distributed_runtime_register_node" time="0.002" /><testcase classname="tests.test_distributed" name="test_distributed_runtime_broadcast" time="0.002" /><testcase classname="tests.test_distributed" name="test_distributed_runtime_elect_leader" time="0.002" /><testcase classname="tests.test_distributed" name="test_knowledge_synchronizer_sync" time="0.002" /><testcase classname="tests.test_distributed" name="test_capability_synchronizer_sync" time="0.002" /><testcase classname="tests.test_distributed_capabilities" name="test_execute_on_node_returns_stub" time="0.001" /><testcase classname="tests.test_distributed_capabilities" name="test_broadcast_capability_returns_empty_list" time="0.001" /><testcase classname="tests.test_distributed_capabilities" name="test_workspace_sync_returns_stub" time="0.001" /><testcase classname="tests.test_distributed_capabilities" name="test_conflict_resolve_returns_stub" time="0.001" /><testcase classname="tests.test_distributed_capabilities" name="test_capability_packager_package_returns_stub" time="0.001" /><testcase classname="tests.test_distributed_capabilities" name="test_capability_packager_verify_returns_stub" time="0.001" /><testcase classname="tests.test_distributed_capabilities" name="test_capability_packager_install_returns_stub" time="0.001" /><testcase classname="tests.test_distributed_scheduler" name="test_submit_local_fallback_marks_done" time="0.468" /><testcase classname="tests.test_distributed_scheduler" name="test_submit_to_cluster_marks_running" time="0.337" /><testcase classname="tests.test_distributed_scheduler" name="test_cluster_unavailable_falls_back" time="0.350" /><testcase classname="tests.test_distributed_scheduler" name="test_recovery_requeues_task_and_logs" time="0.667" /><testcase classname="tests.test_distributed_scheduler" name="test_success_rate" time="0.396" /><testcase classname="tests.test_distributed_scheduler" name="test_http_cluster_submit_raises_when_control_plane_unreachable" time="0.104" /><testcase classname="tests.test_engineering_capabilities.TestEngineeringCapabilitiesRegistration" name="test_protocol_decoders_registered" time="0.005" /><testcase classname="tests.test_engineering_capabilities.TestEngineeringCapabilitiesRegistration" name="test_binary_analysis_registered" time="0.003" /><testcase classname="tests.test_engineering_capabilities.TestEngineeringCapabilitiesRegistration" name="test_test_gear_registered" time="0.004" /><testcase classname="tests.test_engineering_capabilities.TestEngineeringCapabilitiesRegistration" name="test_all_engineering_capabilities_discoverable" time="0.004" /><testcase classname="tests.test_engineering_capabilities.TestEngineeringCapabilitiesRegistration" name="test_protocol_permissions" time="0.003" /><testcase classname="tests.test_engineering_capabilities.TestEngineeringCapabilitiesRegistration" name="test_binary_permissions" time="0.003" /><testcase classname="tests.test_engineering_capabilities.TestEngineeringCapabilitiesRegistration" name="test_test_gear_permissions" time="0.004" /><testcase classname="tests.test_engineering_capabilities.TestEngineeringCapabilitiesExecution" name="test_decode_uart_executes" time="0.003" /><testcase classname="tests.test_engineering_capabilities.TestEngineeringCapabilitiesExecution" name="test_decode_spi_executes" time="0.003" /><testcase classname="tests.test_engineering_capabilities.TestEngineeringCapabilitiesExecution" name="test_decode_can_executes" time="0.003" /><testcase classname="tests.test_engineering_capabilities.TestEngineeringCapabilitiesExecution" name="test_decode_ble_executes" time="0.004" /><testcase classname="tests.test_engineering_capabilities.TestEngineeringCapabilitiesExecution" name="test_disassemble_executes" time="0.003" /><testcase classname="tests.test_engineering_capabilities.TestEngineeringCapabilitiesExecution" name="test_parse_symbols_executes" time="0.002" /><testcase classname="tests.test_engineering_capabilities.TestEngineeringCapabilitiesExecution" name="test_parse_sections_executes" time="0.003" /><testcase classname="tests.test_engineering_capabilities.TestEngineeringCapabilitiesExecution" name="test_oscilloscope_executes" time="0.003" /><testcase classname="tests.test_engineering_capabilities.TestEngineeringCapabilitiesExecution" name="test_logic_analyzer_executes" time="0.003" /><testcase classname="tests.test_engineering_capabilities.TestEngineeringCapabilitiesExecution" name="test_pcb_inspection_executes" time="0.003" /><testcase classname="tests.test_engineering_capabilities.TestEngineeringCapabilitiesExecution" name="test_missing_permission_denies_protocol" time="0.003" /><testcase classname="tests.test_engineering_capabilities.TestEngineeringCapabilitiesExecution" name="test_missing_permission_denies_binary" time="0.002" /><testcase classname="tests.test_engineering_capabilities.TestEngineeringCapabilitiesExecution" name="test_missing_permission_denies_testgear" time="0.004" /><testcase classname="tests.test_engineering_intelligence" name="test_low_confidence_not_displayed" time="0.269" /><testcase classname="tests.test_engineering_intelligence" name="test_high_confidence_displayed_and_approved" time="0.268" /><testcase classname="tests.test_engineering_intelligence" name="test_feedback_metrics" time="0.358" /><testcase classname="tests.test_engineering_intelligence" name="test_reject_sets_status" time="0.390" /><testcase classname="tests.test_engineering_modules.TestEngineeringServiceRegistration" name="test_lists_all_modules" time="0.011" /><testcase classname="tests.test_engineering_modules.TestEngineeringServiceRegistration" name="test_unknown_module_raises" time="0.010" /><testcase classname="tests.test_engineering_modules.TestFirmwareModule" name="test_inspect_firmware" time="0.025" /><testcase classname="tests.test_engineering_modules.TestBootChainModule" name="test_analyze_valid" time="0.023" /><testcase classname="tests.test_engineering_modules.TestPartitionModule" name="test_read_table_requires_ownership" time="0.007" /><testcase classname="tests.test_engineering_modules.TestRecoveryModule" name="test_plan_recovery" time="0.013" /><testcase classname="tests.test_engineering_modules.TestCryptoModule" name="test_sha256" time="0.008" /><testcase classname="tests.test_engineering_modules.TestCryptoModule" name="test_verify" time="0.036" /><testcase classname="tests.test_engineering_modules.TestEmbeddedModule" name="test_flash_firmware" time="0.010" /><testcase classname="tests.test_engineering_modules.TestEmbeddedModule" name="test_read_sensor" time="0.010" /><testcase classname="tests.test_engineering_modules.TestEmbeddedModule" name="test_configure_rtos" time="0.007" /><testcase classname="tests.test_engineering_modules.TestEmbeddedModule" name="test_debug_jtag" time="0.010" /><testcase classname="tests.test_engineering_modules.TestEmbeddedModule" name="test_build_firmware" time="0.009" /><testcase classname="tests.test_engineering_modules.TestRoboticsModule" name="test_run_slam" time="0.046" /><testcase classname="tests.test_engineering_modules.TestRoboticsModule" name="test_plan_path" time="0.007" /><testcase classname="tests.test_engineering_modules.TestRoboticsModule" name="test_control_motor" time="0.010" /><testcase classname="tests.test_engineering_modules.TestRoboticsModule" name="test_capture_vision" time="0.012" /><testcase classname="tests.test_engineering_modules.TestRoboticsModule" name="test_simulate_physics" time="0.008" /><testcase classname="tests.test_engineering_modules.TestMechanicalModule" name="test_analyze_stress" time="0.011" /><testcase classname="tests.test_engineering_modules.TestMechanicalModule" name="test_run_motion_simulation" time="0.019" /><testcase classname="tests.test_engineering_modules.TestMechanicalModule" name="test_generate_cam_toolpath" time="0.007" /><testcase classname="tests.test_engineering_modules.TestMechanicalModule" name="test_check_materials" time="0.008" /><testcase classname="tests.test_engineering_modules.TestElectricalModule" name="test_simulate_circuit" time="0.008" /><testcase classname="tests.test_engineering_modules.TestElectricalModule" name="test_analyze_power" time="0.006" /><testcase classname="tests.test_engineering_modules.TestElectricalModule" name="test_capture_oscilloscope" time="0.008" /><testcase classname="tests.test_engineering_modules.TestElectricalModule" name="test_route_pcb" time="0.007" /><testcase classname="tests.test_engineering_modules.TestElectricalModule" name="test_check_signal_integrity" time="0.009" /><testcase classname="tests.test_engineering_modules.TestNetworkingModule" name="test_capture_packets" time="0.008" /><testcase classname="tests.test_engineering_modules.TestNetworkingModule" name="test_analyze_topology" time="0.007" /><testcase classname="tests.test_engineering_modules.TestNetworkingModule" name="test_diagnose_connectivity" time="0.007" /><testcase classname="tests.test_engineering_modules.TestNetworkingModule" name="test_scan_ports" time="0.008" /><testcase classname="tests.test_engineering_modules.TestNetworkingModule" name="test_monitor_bandwidth" time="0.007" /><testcase classname="tests.test_engineering_modules.TestCybersecurityModule" name="test_scan_vulnerabilities" time="0.016" /><testcase classname="tests.test_engineering_modules.TestCybersecurityModule" name="test_audit_configuration" time="0.008" /><testcase classname="tests.test_engineering_modules.TestCybersecurityModule" name="test_analyze_logs" time="0.008" /><testcase classname="tests.test_engineering_modules.TestCybersecurityModule" name="test_verify_compliance" time="0.007" /><testcase classname="tests.test_engineering_modules.TestCybersecurityModule" name="test_check_patch_status" time="0.006" /><testcase classname="tests.test_engineering_modules.TestAIModule" name="test_manage_model" time="0.005" /><testcase classname="tests.test_engineering_modules.TestAIModule" name="test_run_prompt" time="0.007" /><testcase classname="tests.test_engineering_modules.TestAIModule" name="test_evaluate_model" time="0.008" /><testcase classname="tests.test_engineering_modules.TestAIModule" name="test_fine_tune" time="0.009" /><testcase classname="tests.test_engineering_modules.TestAIModule" name="test_run_inference" time="0.005" /><testcase classname="tests.test_engineering_modules.TestAIModule" name="test_build_rag_index" time="0.005" /><testcase classname="tests.test_engineering_modules.TestDataModule" name="test_query_database" time="0.004" /><testcase classname="tests.test_engineering_modules.TestDataModule" name="test_run_etl" time="0.005" /><testcase classname="tests.test_engineering_modules.TestDataModule" name="test_build_knowledge_graph" time="0.007" /><testcase classname="tests.test_engineering_modules.TestDataModule" name="test_analyze_vector_store" time="0.006" /><testcase classname="tests.test_engineering_modules.TestDataModule" name="test_export_dataset" time="0.006" /><testcase classname="tests.test_engineering_modules.TestCloudModule" name="test_deploy_container" time="0.005" /><testcase classname="tests.test_engineering_modules.TestCloudModule" name="test_scale_service" time="0.006" /><testcase classname="tests.test_engineering_modules.TestCloudModule" name="test_check_health" time="0.004" /><testcase classname="tests.test_engineering_modules.TestCloudModule" name="test_pull_logs" time="0.005" /><testcase classname="tests.test_engineering_modules.TestCloudModule" name="test_manage_secrets" time="0.008" /><testcase classname="tests.test_engineering_modules.TestEngineeringAPI" name="test_list_modules_endpoint" time="0.555" /><testcase classname="tests.test_engineering_modules.TestEngineeringAPI" name="test_execute_workflow_endpoint" time="0.078" /><testcase classname="tests.test_enterprise" name="test_organization_registry_create_and_get" time="0.003" /><testcase classname="tests.test_enterprise" name="test_project_registry_create_and_list" time="0.002" /><testcase classname="tests.test_enterprise" name="test_user_registry_create_and_get_by_email" time="0.002" /><testcase classname="tests.test_enterprise" name="test_team_registry_add_member" time="0.003" /><testcase classname="tests.test_enterprise" name="test_role_registry_permissions" time="0.003" /><testcase classname="tests.test_enterprise_workflow" name="test_e2e_workflow_records_success" time="0.463" /><testcase classname="tests.test_enterprise_workflow" name="test_e2e_workflow_isolates_step_failure" time="0.460" /><testcase classname="tests.test_enterprise_workflow" name="test_success_rate" time="0.454" /><testcase classname="tests.test_epsilon_integration" name="test_epsilon_service_hal_integration" time="0.014" /><testcase classname="tests.test_epsilon_integration" name="test_epsilon_service_diagnostics_with_event_bus" time="0.012" /><testcase classname="tests.test_epsilon_integration" name="test_epsilon_service_recovery_plan_with_digital_twin" time="0.012" /><testcase classname="tests.test_epsilon_integration" name="test_epsilon_service_firmware_parse" time="0.017" /><testcase classname="tests.test_epsilon_integration" name="test_epsilon_service_authorization_denied" time="0.025" /><testcase classname="tests.test_epsilon_integration" name="test_epsilon_service_audit_logging" time="0.022" /><testcase classname="tests.test_epsilon_service" name="test_epsilon_service_interfaces_and_diagnostics" time="0.020" /><testcase classname="tests.test_epsilon_service" name="test_epsilon_service_recovery_and_firmware" time="0.015" /><testcase classname="tests.test_epsilon_service" name="test_epsilon_service_connect_disconnect" time="0.037" /><testcase classname="tests.test_epsilon_service" name="test_epsilon_service_full_diagnostics" time="0.012" /><testcase classname="tests.test_epsilon_service" name="test_epsilon_service_firmware_parse" time="0.010" /><testcase classname="tests.test_event_bus_stress" name="test_event_bus_high_volume_delivery" time="0.117" /><testcase classname="tests.test_event_handlers" name="test_event_handlers_project_events_to_memory_and_reasoning" time="0.062" /><testcase classname="tests.test_firmware" name="test_firmware_metadata_store" time="0.002" /><testcase classname="tests.test_firmware" name="test_firmware_metadata_search" time="0.003" /><testcase classname="tests.test_firmware" name="test_partition_parser_detect_scheme" time="0.001" /><testcase classname="tests.test_firmware" name="test_partition_parser_parse_gpt" time="0.002" /><testcase classname="tests.test_firmware" name="test_partition_parser_parse_mbr" time="0.003" /><testcase classname="tests.test_firmware" name="test_partition_mapper_map_to_paths" time="0.003" /><testcase classname="tests.test_firmware" name="test_partition_mapper_validate_layout" time="0.002" /><testcase classname="tests.test_firmware" name="test_compatibility_matrix_register_and_check" time="0.003" /><testcase classname="tests.test_firmware" name="test_compatibility_checker_warnings" time="0.001" /><testcase classname="tests.test_firmware" name="test_firmware_parser_parse_format" time="0.003" /><testcase classname="tests.test_firmware" name="test_firmware_parser_extract_metadata" time="0.002" /><testcase classname="tests.test_firmware" name="test_firmware_parser_analyze_boot_chain" time="0.002" /><testcase classname="tests.test_firmware" name="test_firmware_parser_get_partition_table" time="0.004" /><testcase classname="tests.test_happy_path" name="test_happy_path_end_to_end_report" time="0.498" /><testcase classname="tests.test_hardware_capabilities" name="test_all_transport_capabilities_registered" time="0.011" /><testcase classname="tests.test_hardware_capabilities" name="test_transport_capabilities_discoverable_with_prefix" time="0.009" /><testcase classname="tests.test_hardware_capabilities" name="test_each_capability_executes_with_correct_permissions[hardware.transport.usb.enumerate-permissions0]" time="0.011" /><testcase classname="tests.test_hardware_capabilities" name="test_each_capability_executes_with_correct_permissions[hardware.transport.bluetooth.scan-permissions1]" time="0.013" /><testcase classname="tests.test_hardware_capabilities" name="test_each_capability_executes_with_correct_permissions[hardware.transport.can.read-permissions2]" time="0.013" /><testcase classname="tests.test_hardware_capabilities" name="test_each_capability_executes_with_correct_permissions[hardware.transport.can.write-permissions3]" time="0.014" /><testcase classname="tests.test_hardware_capabilities" name="test_each_capability_executes_with_correct_permissions[hardware.transport.uart.read-permissions4]" time="0.012" /><testcase classname="tests.test_hardware_capabilities" name="test_each_capability_executes_with_correct_permissions[hardware.transport.uart.write-permissions5]" time="0.012" /><testcase classname="tests.test_hardware_capabilities" name="test_each_capability_executes_with_correct_permissions[hardware.transport.spi.read-permissions6]" time="0.017" /><testcase classname="tests.test_hardware_capabilities" name="test_each_capability_executes_with_correct_permissions[hardware.transport.spi.write-permissions7]" time="0.011" /><testcase classname="tests.test_hardware_capabilities" name="test_each_capability_executes_with_correct_permissions[hardware.transport.i2c.read-permissions8]" time="0.010" /><testcase classname="tests.test_hardware_capabilities" name="test_each_capability_executes_with_correct_permissions[hardware.transport.i2c.write-permissions9]" time="0.011" /><testcase classname="tests.test_hardware_capabilities" name="test_each_capability_executes_with_correct_permissions[hardware.transport.gpio.read-permissions10]" time="0.009" /><testcase classname="tests.test_hardware_capabilities" name="test_each_capability_executes_with_correct_permissions[hardware.transport.gpio.write-permissions11]" time="0.011" /><testcase classname="tests.test_hardware_capabilities" name="test_each_capability_executes_with_correct_permissions[hardware.transport.nfc.enumerate-permissions12]" time="0.013" /><testcase classname="tests.test_hardware_capabilities" name="test_each_capability_executes_with_correct_permissions[hardware.transport.lora.transmit-permissions13]" time="0.013" /><testcase classname="tests.test_hardware_capabilities" name="test_each_capability_executes_with_correct_permissions[hardware.transport.zigbee.scan-permissions14]" time="0.012" /><testcase classname="tests.test_hardware_capabilities" name="test_execution_denied_without_permissions[hardware.transport.usb.enumerate-permissions0]" time="0.011" /><testcase classname="tests.test_hardware_capabilities" name="test_execution_denied_without_permissions[hardware.transport.bluetooth.scan-permissions1]" time="0.010" /><testcase classname="tests.test_hardware_capabilities" name="test_execution_denied_without_permissions[hardware.transport.can.read-permissions2]" time="0.012" /><testcase classname="tests.test_hardware_capabilities" name="test_execution_denied_without_permissions[hardware.transport.can.write-permissions3]" time="0.014" /><testcase classname="tests.test_hardware_capabilities" name="test_execution_denied_without_permissions[hardware.transport.uart.read-permissions4]" time="0.012" /><testcase classname="tests.test_hardware_capabilities" name="test_execution_denied_without_permissions[hardware.transport.uart.write-permissions5]" time="0.012" /><testcase classname="tests.test_hardware_capabilities" name="test_execution_denied_without_permissions[hardware.transport.spi.read-permissions6]" time="0.011" /><testcase classname="tests.test_hardware_capabilities" name="test_execution_denied_without_permissions[hardware.transport.spi.write-permissions7]" time="0.010" /><testcase classname="tests.test_hardware_capabilities" name="test_execution_denied_without_permissions[hardware.transport.i2c.read-permissions8]" time="0.012" /><testcase classname="tests.test_hardware_capabilities" name="test_execution_denied_without_permissions[hardware.transport.i2c.write-permissions9]" time="0.013" /><testcase classname="tests.test_hardware_capabilities" name="test_execution_denied_without_permissions[hardware.transport.gpio.read-permissions10]" time="0.012" /><testcase classname="tests.test_hardware_capabilities" name="test_execution_denied_without_permissions[hardware.transport.gpio.write-permissions11]" time="0.011" /><testcase classname="tests.test_hardware_capabilities" name="test_execution_denied_without_permissions[hardware.transport.nfc.enumerate-permissions12]" time="0.010" /><testcase classname="tests.test_hardware_capabilities" name="test_execution_denied_without_permissions[hardware.transport.lora.transmit-permissions13]" time="0.011" /><testcase classname="tests.test_hardware_capabilities" name="test_execution_denied_without_permissions[hardware.transport.zigbee.scan-permissions14]" time="0.016" /><testcase classname="tests.test_hardware_diagnostics" name="test_hardware_diagnostics_full_report" time="0.033" /><testcase classname="tests.test_hardware_diagnostics" name="test_hardware_diagnostics_battery_health" time="0.005" /><testcase classname="tests.test_hardware_diagnostics" name="test_hardware_diagnostics_temperature" time="0.003" /><testcase classname="tests.test_hardware_diagnostics" name="test_hardware_diagnostics_storage" time="0.003" /><testcase classname="tests.test_hardware_drivers" name="test_usb_driver_capabilities" time="0.002" /><testcase classname="tests.test_hardware_drivers" name="test_serial_driver_capabilities" time="0.002" /><testcase classname="tests.test_hardware_drivers" name="test_adb_driver_capabilities" time="0.003" /><testcase classname="tests.test_hardware_drivers" name="test_fastboot_driver_capabilities" time="0.001" /><testcase classname="tests.test_hardware_drivers" name="test_network_driver_capabilities" time="0.001" /><testcase classname="tests.test_hardware_drivers" name="test_virtual_driver_capabilities" time="0.001" /><testcase classname="tests.test_hardware_drivers" name="test_driver_execute_unknown_capability_raises" time="0.002" /><testcase classname="tests.test_hardware_drivers" name="test_driver_connect_disconnect" time="0.004" /><testcase classname="tests.test_hardware_drivers" name="test_usb_driver_bridges_capability_backend" time="0.131"><failure message="AssertionError: expected at least the simulated backend devices&#10;assert []">def test_usb_driver_bridges_capability_backend():
        """The USB driver must reflect real enumerated devices, not hardcoded mocks."""
        manager = get_usb_manager()
        devices = manager.enumerate()
&gt;       assert devices, "expected at least the simulated backend devices"
E       AssertionError: expected at least the simulated backend devices
E       assert []

tests\test_hardware_drivers.py:71: AssertionError</failure></testcase><testcase classname="tests.test_hardware_drivers" name="test_usb_driver_respects_permission_policy" time="0.088"><failure message="IndexError: list index out of range">def test_usb_driver_respects_permission_policy():
        """Connecting a device not allowed by policy must be denied, not faked."""
        manager = get_usb_manager()
        devices = manager.enumerate()
&gt;       device = devices[0]
                 ^^^^^^^^^^
E       IndexError: list index out of range

tests\test_hardware_drivers.py:95: IndexError</failure></testcase><testcase classname="tests.test_hardware_drivers" name="test_serial_driver_bridges_capability_backend" time="0.004" /><testcase classname="tests.test_hardware_drivers" name="test_serial_driver_respects_permission_policy" time="0.002" /><testcase classname="tests.test_hardware_events" name="test_device_connected_event" time="0.001" /><testcase classname="tests.test_hardware_events" name="test_device_disconnected_event" time="0.001" /><testcase classname="tests.test_hardware_events" name="test_battery_low_event" time="0.001" /><testcase classname="tests.test_hardware_events" name="test_firmware_detected_event" time="0.001" /><testcase classname="tests.test_hardware_events" name="test_driver_failed_event" time="0.001" /><testcase classname="tests.test_hardware_events" name="test_session_expired_event" time="0.001" /><testcase classname="tests.test_hardware_hal" name="test_hal_conformance_records_and_rates" time="0.402" /><testcase classname="tests.test_hardware_hal" name="test_signed_flash_enforced_rejects_unsigned" time="0.415" /><testcase classname="tests.test_hardware_hal" name="test_signed_flash_verified_succeeds" time="0.339" /><testcase classname="tests.test_hardware_hal" name="test_flash_log_rollback_recorded" time="0.500" /><testcase classname="tests.test_hardware_recovery" name="test_hardware_recovery_assess_risk_low" time="0.003" /><testcase classname="tests.test_hardware_recovery" name="test_hardware_recovery_assess_risk_high" time="0.003" /><testcase classname="tests.test_hardware_recovery" name="test_hardware_recovery_plan_recovery" time="0.005" /><testcase classname="tests.test_hardware_recovery" name="test_hardware_recovery_recommend" time="0.002" /><testcase classname="tests.test_hardware_session" name="test_session_manager_create_and_get" time="0.004" /><testcase classname="tests.test_hardware_session" name="test_session_manager_list_sessions" time="0.003" /><testcase classname="tests.test_hardware_session" name="test_session_manager_close_session" time="0.003" /><testcase classname="tests.test_hardware_session" name="test_session_manager_refresh_session" time="0.013" /><testcase classname="tests.test_hardware_session" name="test_session_manager_cleanup_expired" time="0.002" /><testcase classname="tests.test_hardware_session" name="test_device_session_defaults" time="0.002" /><testcase classname="tests.test_installer_smoke" name="test_installed_platform_boots_and_serves" time="2.114" /><testcase classname="tests.test_installer_smoke" name="test_corrupted_db_still_boots_after_install" time="2.308" /><testcase classname="tests.test_kernel_runtime" name="test_kernel_runtime_health_and_permissions" time="0.001" /><testcase classname="tests.test_knowledge_engine" name="test_knowledge_engine_records_and_queries" time="0.044" /><testcase classname="tests.test_knowledge_engine" name="test_knowledge_engine_independent_usage_shape" time="0.034" /><testcase classname="tests.test_knowledge_graph_scaling" name="test_graph_truncates_over_limit" time="5.225" /><testcase classname="tests.test_knowledge_graph_scaling" name="test_graph_not_truncated_at_limit" time="2.698" /><testcase classname="tests.test_llm_client" name="test_is_configured_true" time="0.001" /><testcase classname="tests.test_llm_client" name="test_is_configured_false_no_model" time="0.001" /><testcase classname="tests.test_llm_client" name="test_is_configured_false_no_url" time="0.001" /><testcase classname="tests.test_llm_client" name="test_chat_posts_openai_payload" time="0.004" /><testcase classname="tests.test_llm_client" name="test_chat_raises_when_not_configured" time="0.001" /><testcase classname="tests.test_llm_client" name="test_list_models" time="0.004" /><testcase classname="tests.test_main_entrypoint" name="test_run_platform_bootstraps_container" time="0.003" /><testcase classname="tests.test_marketplace" name="test_plugin_repo_publish_and_install" time="0.002" /><testcase classname="tests.test_marketplace" name="test_plugin_repo_search" time="0.003" /><testcase classname="tests.test_marketplace" name="test_capability_repo_register_and_discover" time="0.003" /><testcase classname="tests.test_marketplace" name="test_driver_repo_register_and_discover" time="0.003" /><testcase classname="tests.test_marketplace" name="test_agent_repo_register_and_discover" time="0.002" /><testcase classname="tests.test_marketplace_governance" name="test_submit_then_review_approved" time="0.490" /><testcase classname="tests.test_marketplace_governance" name="test_quality_gate_blocks_low_score" time="0.450" /><testcase classname="tests.test_marketplace_governance" name="test_review_twice_rejected" time="0.291" /><testcase classname="tests.test_marketplace_governance" name="test_approval_rate" time="0.285" /><testcase classname="tests.test_memory_store.TestMemoryStore" name="test_is_memory_api" time="0.001" /><testcase classname="tests.test_memory_store.TestMemoryStore" name="test_remember_and_recall" time="0.025" /><testcase classname="tests.test_memory_store.TestMemoryStore" name="test_recall_no_tag" time="0.030" /><testcase classname="tests.test_memory_store.TestMemoryStore" name="test_recall_with_limit" time="0.030" /><testcase classname="tests.test_memory_store.TestMemoryStore" name="test_recall_filters_by_tag" time="0.028" /><testcase classname="tests.test_memory_store.TestMemoryStore" name="test_module_level_functions_backward_compat" time="0.029" /><testcase classname="tests.test_memory_store.TestMemoryStore" name="test_memory_store_singleton" time="0.001" /><testcase classname="tests.test_memory_store.TestMemoryStore" name="test_remember_publishes_event" time="0.023" /><testcase classname="tests.test_native_runtime_endpoints" name="test_native_runtime_endpoint_and_distributed_fallback" time="3.472" /><testcase classname="tests.test_observability" name="test_events_per_sec_computed" time="0.001" /><testcase classname="tests.test_observability" name="test_commands_per_sec_computed" time="0.001" /><testcase classname="tests.test_observability" name="test_record_command_increments_metric" time="0.001" /><testcase classname="tests.test_observability" name="test_snapshot_includes_subsystems_when_status_provided" time="0.001" /><testcase classname="tests.test_omega_service" name="test_omega_service_marketplace_and_collaboration" time="0.002" /><testcase classname="tests.test_omega_service" name="test_omega_service_distributed_policy_and_api_catalog" time="0.002" /><testcase classname="tests.test_omega_service" name="test_omega_service_coordinate_agents" time="0.003" /><testcase classname="tests.test_omega_service" name="test_omega_service_plan_tasks" time="0.004" /><testcase classname="tests.test_omega_service" name="test_omega_service_consensus" time="0.004" /><testcase classname="tests.test_omega_service" name="test_omega_service_delegate" time="0.003" /><testcase classname="tests.test_omega_service" name="test_omega_service_dashboard" time="0.002" /><testcase classname="tests.test_perf_regression" name="test_record_persists_metric" time="0.414" /><testcase classname="tests.test_perf_regression" name="test_no_regression_within_threshold" time="0.373" /><testcase classname="tests.test_perf_regression" name="test_regression_beyond_threshold_fails" time="0.301" /><testcase classname="tests.test_perf_regression" name="test_first_run_has_no_baseline" time="0.252" /><testcase classname="tests.test_platform_service" name="test_platform_service_write_device_publishes_event" time="0.002" /><testcase classname="tests.test_platform_service" name="test_platform_service_registers_device_capabilities" time="0.003" /><testcase classname="tests.test_platform_service" name="test_platform_service_beta_workflow_records_result" time="0.043" /><testcase classname="tests.test_platform_service" name="test_platform_service_gamma_queries" time="0.058" /><testcase classname="tests.test_plugin_lifecycle.TestPluginLifecycle" name="test_register_on_load_run_cycle" time="0.014" /><testcase classname="tests.test_plugin_lifecycle.TestPluginLifecycle" name="test_run_isolates_plugin_exception" time="0.030" /><testcase classname="tests.test_plugin_lifecycle.TestPluginLifecycle" name="test_run_timeout_aborts_hung_plugin" time="0.523" /><testcase classname="tests.test_plugin_lifecycle.TestPluginLifecycle" name="test_unregister_then_reregister" time="0.012" /><testcase classname="tests.test_plugin_lifecycle.TestPluginLifecycle" name="test_contract_major_mismatch_rejects" time="0.001" /><testcase classname="tests.test_plugin_lifecycle.TestPluginLifecycle" name="test_contract_minor_forward_compat_passes" time="0.001" /><testcase classname="tests.test_plugin_lifecycle.TestPluginLifecycle" name="test_stress_100_cycles_high_success" time="1.137" /><testcase classname="tests.test_plugin_lifecycle.TestPluginLifecycle" name="test_plugin_runs_audit_trail_persisted" time="0.324" /><testcase classname="tests.test_plugin_manager.TestPluginManager" name="test_is_plugin_api" time="0.001" /><testcase classname="tests.test_plugin_manager.TestPluginManager" name="test_register_and_get" time="0.002" /><testcase classname="tests.test_plugin_manager.TestPluginManager" name="test_register_duplicate_warns" time="0.001" /><testcase classname="tests.test_plugin_manager.TestPluginManager" name="test_list_plugins" time="0.001" /><testcase classname="tests.test_plugin_manager.TestPluginManager" name="test_run" time="0.015" /><testcase classname="tests.test_plugin_manager.TestPluginManager" name="test_run_missing_plugin_raises" time="0.001" /><testcase classname="tests.test_plugin_manager.TestPluginManager" name="test_run_publishes_event" time="0.015" /><testcase classname="tests.test_plugin_manager.TestPluginManager" name="test_register_incompatible_contract_version_raises" time="0.001" /><testcase classname="tests.test_plugin_manager.TestPluginManager" name="test_run_isolates_plugin_exception" time="0.015" /><testcase classname="tests.test_plugin_manager.TestPluginManager" name="test_run_publishes_error_event_on_crash" time="0.015" /><testcase classname="tests.test_plugin_manager.TestPluginManager" name="test_run_timeout_aborts_hung_plugin" time="0.530" /><testcase classname="tests.test_policy" name="test_policy_engine_evaluate_allow" time="0.002" /><testcase classname="tests.test_policy" name="test_policy_engine_evaluate_deny" time="0.001" /><testcase classname="tests.test_policy" name="test_policy_engine_add_rule" time="0.001" /><testcase classname="tests.test_policy" name="test_permission_hierarchy_register" time="0.001" /><testcase classname="tests.test_policy" name="test_permission_hierarchy_effective" time="0.002" /><testcase classname="tests.test_policy" name="test_rule_engine_add_and_evaluate" time="0.001" /><testcase classname="tests.test_policy" name="test_policy_audit_logger_record_and_query" time="0.002" /><testcase classname="tests.test_reasoning_pipeline" name="test_reasoning_pipeline_produces_recommendation" time="0.001" /><testcase classname="tests.test_reasoning_store.TestReasoningStore" name="test_is_reasoning_api" time="0.001" /><testcase classname="tests.test_reasoning_store.TestReasoningStore" name="test_assert_and_query" time="0.035" /><testcase classname="tests.test_reasoning_store.TestReasoningStore" name="test_query_by_predicate" time="0.032" /><testcase classname="tests.test_reasoning_store.TestReasoningStore" name="test_query_no_filters" time="0.030" /><testcase classname="tests.test_reasoning_store.TestReasoningStore" name="test_module_level_functions_backward_compat" time="0.027" /><testcase classname="tests.test_reasoning_store.TestReasoningStore" name="test_reasoning_store_singleton" time="0.001" /><testcase classname="tests.test_reasoning_store.TestReasoningStore" name="test_assert_fact_publishes_event" time="0.024" /><testcase classname="tests.test_recovery_capabilities" name="test_register_all_capabilities" time="0.003" /><testcase classname="tests.test_recovery_capabilities" name="test_discover_prefix" time="0.003" /><testcase classname="tests.test_recovery_capabilities" name="test_permissions_required" time="0.002" /><testcase classname="tests.test_recovery_capabilities" name="test_execute_recovery_capabilities" time="0.003" /><testcase classname="tests.test_recovery_capabilities" name="test_execute_firmware_parse_capabilities" time="0.003" /><testcase classname="tests.test_recovery_capabilities" name="test_execute_firmware_detect" time="0.003" /><testcase classname="tests.test_recovery_capabilities" name="test_execute_denied_without_permissions" time="0.003" /><testcase classname="tests.test_resources_endpoint" name="test_system_resources_returns_dict" time="0.001" /><testcase classname="tests.test_runtime_management" name="test_resource_manager_get_usage" time="0.018" /><testcase classname="tests.test_runtime_management" name="test_resource_manager_check_limits" time="0.016" /><testcase classname="tests.test_runtime_management" name="test_resource_manager_to_dict_no_attribute_error" time="0.002" /><testcase classname="tests.test_runtime_management" name="test_memory_manager_get_stats" time="0.001" /><testcase classname="tests.test_runtime_management" name="test_memory_manager_collect" time="0.111" /><testcase classname="tests.test_runtime_management" name="test_lifecycle_manager_transition" time="0.001" /><testcase classname="tests.test_runtime_management" name="test_lifecycle_manager_hooks" time="0.001" /><testcase classname="tests.test_scheduler" name="test_schedule_and_list_jobs" time="0.002" /><testcase classname="tests.test_scheduler" name="test_pause_resume_trigger" time="0.001" /><testcase classname="tests.test_scheduler" name="test_failure_retry_then_failed" time="0.003" /><testcase classname="tests.test_scheduler" name="test_jobs_detail_shape" time="0.001" /><testcase classname="tests.test_sdk" name="test_compatibility_matrix_semver" time="0.001" /><testcase classname="tests.test_sdk" name="test_publish_and_list_per_language" time="0.270" /><testcase classname="tests.test_sdk" name="test_compatible_versions_query" time="0.259" /><testcase classname="tests.test_sdk_plugin_sdk" name="test_plugin_manifest_creation" time="0.001" /><testcase classname="tests.test_sdk_plugin_sdk" name="test_base_plugin_initialize" time="0.001" /><testcase classname="tests.test_sdk_plugin_sdk" name="test_plugin_decorator_registers_capabilities" time="0.001" /><testcase classname="tests.test_sdk_plugin_sdk" name="test_capability_decorator" time="0.001" /><testcase classname="tests.test_sdk_plugin_sdk" name="test_plugin_lifecycle_manager" time="0.002" /><testcase classname="tests.test_sdk_plugin_sdk" name="test_plugin_test_harness" time="0.003" /><testcase classname="tests.test_sdk_plugin_sdk" name="test_plugin_example_battery_analyzer" time="0.001" /><testcase classname="tests.test_sdk_plugin_sdk" name="test_plugin_example_temperature_monitor" time="0.001" /><testcase classname="tests.test_security" name="test_authorizer_authorize_allowed" time="0.001" /><testcase classname="tests.test_security" name="test_authorizer_authorize_denied_missing_permissions" time="0.001" /><testcase classname="tests.test_security" name="test_authorizer_authorize_denied_anonymous" time="0.001" /><testcase classname="tests.test_security" name="test_authorizer_require_permission_decorator" time="0.001" /><testcase classname="tests.test_security" name="test_permission_registry_register_and_get" time="0.001" /><testcase classname="tests.test_security" name="test_permission_registry_list_by_category" time="0.001" /><testcase classname="tests.test_security" name="test_permission_registry_required_for" time="0.001" /><testcase classname="tests.test_security" name="test_default_registry_has_hardware_permissions" time="0.001" /><testcase classname="tests.test_security" name="test_audit_logger_record_and_query" time="0.008" /><testcase classname="tests.test_security" name="test_audit_logger_export_json" time="0.008" /><testcase classname="tests.test_security" name="test_integrity_verifier_compute_hash" time="0.001" /><testcase classname="tests.test_security" name="test_integrity_verifier_verify" time="0.002" /><testcase classname="tests.test_security" name="test_integrity_verifier_attest" time="0.003" /><testcase classname="tests.test_security_capabilities" name="test_security_capabilities_registered" time="0.003" /><testcase classname="tests.test_security_capabilities" name="test_security_sandbox_execute" time="0.003" /><testcase classname="tests.test_security_capabilities" name="test_security_sandbox_validate_plugin" time="0.004" /><testcase classname="tests.test_security_capabilities" name="test_security_boot_validate_chain" time="0.003" /><testcase classname="tests.test_security_capabilities" name="test_security_boot_verify_signature" time="0.003" /><testcase classname="tests.test_security_capabilities" name="test_security_tpm_create_key" time="0.003" /><testcase classname="tests.test_security_capabilities" name="test_security_tpm_attest" time="0.003" /><testcase classname="tests.test_security_capabilities" name="test_security_tpm_seal" time="0.002" /><testcase classname="tests.test_security_capabilities" name="test_security_capabilities_require_permissions" time="0.002" /><testcase classname="tests.test_serial_capability.TestSerialPermissions" name="test_default_deny" time="0.001" /><testcase classname="tests.test_serial_capability.TestSerialPermissions" name="test_explicit_allow_by_port" time="0.001" /><testcase classname="tests.test_serial_capability.TestSerialPermissions" name="test_deny_overrides_allow" time="0.001" /><testcase classname="tests.test_serial_capability.TestSerialPermissions" name="test_capability_scoped_allow" time="0.001" /><testcase classname="tests.test_serial_capability.TestSerialHardwareApi" name="test_enumerate_returns_ports" time="0.002" /><testcase classname="tests.test_serial_capability.TestSerialHardwareApi" name="test_port_model_to_dict" time="0.002" /><testcase classname="tests.test_serial_capability.TestSerialHardwareApi" name="test_connect_requires_permission" time="0.002" /><testcase classname="tests.test_serial_capability.TestSerialHardwareApi" name="test_read_write_logs" time="0.001" /><testcase classname="tests.test_serial_capability.TestSerialHardwareApi" name="test_hotplug_detects_connect" time="0.002" /><testcase classname="tests.test_serial_capability.TestSerialSdk" name="test_sdk_enumerate" time="0.001" /><testcase classname="tests.test_serial_capability.TestSerialSdk" name="test_sdk_access_respects_policy" time="0.002" /><testcase classname="tests.test_serial_capability.TestSerialAutomation" name="test_enumerate_action" time="0.001" /><testcase classname="tests.test_serial_capability.TestSerialAutomation" name="test_connect_action" time="0.002" /><testcase classname="tests.test_serial_capability.TestSerialAutomation" name="test_unknown_action" time="0.001" /><testcase classname="tests.test_serial_capability.TestSerialAssistantTools" name="test_enumerate_tool" time="0.001" /><testcase classname="tests.test_serial_capability.TestSerialAssistantTools" name="test_info_tool_unknown" time="0.001" /><testcase classname="tests.test_serial_capability.TestSerialAssistantTools" name="test_unknown_tool" time="0.001" /><testcase classname="tests.test_serial_capability.TestSerialAssistantTools" name="test_all_tools_have_executors" time="0.001" /><testcase classname="tests.test_simulation_engine" name="test_simulation_engine_generates_report" time="0.001" /><testcase classname="tests.test_simulation_engine" name="test_simulation_engine_rejects_unknown_failure_mode" time="0.001" /><testcase classname="tests.test_titan_governance" name="test_approved_license_accepted" time="0.272" /><testcase classname="tests.test_titan_governance" name="test_unapproved_license_blocked" time="0.390" /><testcase classname="tests.test_titan_governance" name="test_scan_license_case_insensitive" time="0.001" /><testcase classname="tests.test_titan_governance" name="test_reproducibility_hash_roundtrip" time="0.268" /><testcase classname="tests.test_usb_capability.TestUsbPermissions" name="test_default_deny" time="0.001" /><testcase classname="tests.test_usb_capability.TestUsbPermissions" name="test_explicit_allow" time="0.001" /><testcase classname="tests.test_usb_capability.TestUsbPermissions" name="test_deny_overrides_allow" time="0.001" /><testcase classname="tests.test_usb_capability.TestUsbPermissions" name="test_capability_scoped_allow" time="0.001" /><testcase classname="tests.test_usb_capability.TestUsbPermissions" name="test_serial_matters" time="0.001" /><testcase classname="tests.test_usb_capability.TestUsbHardwareApi" name="test_enumerate_returns_devices" time="0.002"><failure message="assert 0 &gt;= 1&#10; +  where 0 = len([])">self = &lt;test_usb_capability.TestUsbHardwareApi object at 0x0000021A4F2B8A90&gt;

    def test_enumerate_returns_devices(self):
        manager = USBManager(event_bus=InMemoryEventBus())
        devices = manager.enumerate()
&gt;       assert len(devices) &gt;= 1
E       assert 0 &gt;= 1
E        +  where 0 = len([])

tests\test_usb_capability.py:66: AssertionError</failure></testcase><testcase classname="tests.test_usb_capability.TestUsbHardwareApi" name="test_device_model_to_dict" time="0.002"><failure message="IndexError: list index out of range">self = &lt;test_usb_capability.TestUsbHardwareApi object at 0x0000021A4F2B8550&gt;

    def test_device_model_to_dict(self):
        manager = USBManager(event_bus=InMemoryEventBus())
&gt;       dev = manager.enumerate()[0]
              ^^^^^^^^^^^^^^^^^^^^^^
E       IndexError: list index out of range

tests\test_usb_capability.py:71: IndexError</failure></testcase><testcase classname="tests.test_usb_capability.TestUsbHardwareApi" name="test_get_unknown_device" time="0.002" /><testcase classname="tests.test_usb_capability.TestUsbHardwareApi" name="test_hotplug_emits_events" time="0.002" /><testcase classname="tests.test_usb_capability.TestUsbHardwareApi" name="test_hotplug_detects_connect" time="0.002" /><testcase classname="tests.test_usb_capability.TestUsbSdk" name="test_sdk_enumerate" time="0.001"><failure message="assert 0 &gt;= 1&#10; +  where 0 = len([])">self = &lt;test_usb_capability.TestUsbSdk object at 0x0000021A4F0F34D0&gt;

    def test_sdk_enumerate(self):
        client = Usb(manager=USBManager(event_bus=InMemoryEventBus()))
        devices = client.enumerate()
&gt;       assert len(devices) &gt;= 1
E       assert 0 &gt;= 1
E        +  where 0 = len([])

tests\test_usb_capability.py:113: AssertionError</failure></testcase><testcase classname="tests.test_usb_capability.TestUsbSdk" name="test_sdk_access_respects_policy" time="0.002" /><testcase classname="tests.test_usb_capability.TestUsbAutomation" name="test_enumerate_action" time="0.001" /><testcase classname="tests.test_usb_capability.TestUsbAutomation" name="test_allow_action" time="0.001" /><testcase classname="tests.test_usb_capability.TestUsbAutomation" name="test_unknown_action" time="0.001" /><testcase classname="tests.test_usb_capability.TestUsbAssistantTools" name="test_enumerate_tool" time="0.001" /><testcase classname="tests.test_usb_capability.TestUsbAssistantTools" name="test_info_tool_unknown" time="0.001" /><testcase classname="tests.test_usb_capability.TestUsbAssistantTools" name="test_unknown_tool" time="0.001" /><testcase classname="tests.test_usb_capability.TestUsbAssistantTools" name="test_all_tools_have_executors" time="0.001" /><testcase classname="tests.test_workflow_runtime" name="test_create_and_list_workflow" time="0.007" /><testcase classname="tests.test_workflow_runtime" name="test_run_workflow_executes_in_order" time="0.015" /><testcase classname="tests.test_workflow_runtime" name="test_run_workflow_halts_on_failure" time="0.015" /><testcase classname="tests.test_workflow_runtime" name="test_persistence_to_file" time="0.025" /><testcase classname="tests.test_workflow_runtime" name="test_seeded_default_workflow" time="0.007" /></testsuite></testsuites>